D:\GITHUB\SKYBOX\OPENGL SAMPLE\DEBUG\SAMPLE.OBJ
D:\GITHUB\SKYBOX\OPENGL SAMPLE\DEBUG\MAIN.OBJ
D:\GITHUB\SKYBOX\OPENGL SAMPLE\DEBUG\VWMATH.OBJ
D:\GITHUB\SKYBOX\OPENGL SAMPLE\DEBUG\UTILITIES.OBJ
D:\GITHUB\SKYBOX\OPENGL SAMPLE\DEBUG\VC110.PDB
D:\GITHUB\SKYBOX\DEBUG\OPENGL SAMPLE.ILK
D:\GITHUB\SKYBOX\DEBUG\OPENGL SAMPLE.EXE
D:\GITHUB\SKYBOX\DEBUG\OPENGL SAMPLE.PDB
D:\GITHUB\SKYBOX\OPENGL SAMPLE\DEBUG\OPENGL SAMPLE.RES
D:\GitHub\Skybox\opengl sample\Debug\main.obj
D:\GitHub\Skybox\opengl sample\Debug\sample.obj
D:\GitHub\Skybox\opengl sample\Debug\utilities.obj
D:\GitHub\Skybox\opengl sample\Debug\VWMath.obj
D:\GitHub\Skybox\opengl sample\Debug\cl.command.1.tlog
D:\GitHub\Skybox\opengl sample\Debug\CL.read.1.tlog
D:\GitHub\Skybox\opengl sample\Debug\CL.write.1.tlog
D:\GitHub\Skybox\opengl sample\Debug\link-cvtres.read.1.tlog
D:\GitHub\Skybox\opengl sample\Debug\link-cvtres.write.1.tlog
D:\GitHub\Skybox\opengl sample\Debug\link-rc.read.1.tlog
D:\GitHub\Skybox\opengl sample\Debug\link-rc.write.1.tlog
D:\GitHub\Skybox\opengl sample\Debug\link.command.1.tlog
D:\GitHub\Skybox\opengl sample\Debug\link.read.1.tlog
D:\GitHub\Skybox\opengl sample\Debug\link.write.1.tlog
D:\GitHub\Skybox\opengl sample\Debug\rc.command.1.tlog
D:\GitHub\Skybox\opengl sample\Debug\rc.read.1.tlog
D:\GitHub\Skybox\opengl sample\Debug\rc.write.1.tlog
D:\GitHub\Skybox\opengl sample\Debug\opengl sample.res
D:\GitHub\Skybox\opengl sample\Debug\vc110.idb
D:\GitHub\Skybox\opengl sample\Debug\vc110.pdb
D:\GitHub\Skybox\Debug\opengl sample.pdb
D:\GitHub\Skybox\Debug\opengl sample.exe
D:\GitHub\Skybox\Debug\opengl sample.ilk
